<?xml version="1.0" encoding="UTF-8"?>
<testsuite xmlns:xsi="http://www.w3.org/2001/XMLSchema-instance" xsi:noNamespaceSchemaLocation="https://maven.apache.org/surefire/maven-surefire-plugin/xsd/surefire-test-report.xsd" name="com.ceezyyy.springboot.mapper.TestMapper" time="3.975" tests="4" errors="0" skipped="0" failures="0">
  <properties>
    <property name="sun.desktop" value="windows"/>
    <property name="awt.toolkit" value="sun.awt.windows.WToolkit"/>
    <property name="file.encoding.pkg" value="sun.io"/>
    <property name="java.specification.version" value="1.8"/>
    <property name="sun.cpu.isalist" value="amd64"/>
    <property name="sun.jnu.encoding" value="GBK"/>
    <property name="java.class.path" value="D:\Backend\Framework\SpringBoot\code\studio\Demo\target\test-classes;D:\Backend\Framework\SpringBoot\code\studio\Demo\target\classes;D:\repository\junit\junit\4.12\junit-4.12.jar;D:\repository\org\hamcrest\hamcrest-core\1.3\hamcrest-core-1.3.jar;D:\repository\org\springframework\boot\spring-boot-starter-web\2.0.6.RELEASE\spring-boot-starter-web-2.0.6.RELEASE.jar;D:\repository\org\springframework\boot\spring-boot-starter\2.0.6.RELEASE\spring-boot-starter-2.0.6.RELEASE.jar;D:\repository\org\springframework\boot\spring-boot\2.0.6.RELEASE\spring-boot-2.0.6.RELEASE.jar;D:\repository\org\springframework\boot\spring-boot-autoconfigure\2.0.6.RELEASE\spring-boot-autoconfigure-2.0.6.RELEASE.jar;D:\repository\org\springframework\boot\spring-boot-starter-logging\2.0.6.RELEASE\spring-boot-starter-logging-2.0.6.RELEASE.jar;D:\repository\ch\qos\logback\logback-classic\1.2.3\logback-classic-1.2.3.jar;D:\repository\ch\qos\logback\logback-core\1.2.3\logback-core-1.2.3.jar;D:\repository\org\apache\logging\log4j\log4j-to-slf4j\2.10.0\log4j-to-slf4j-2.10.0.jar;D:\repository\org\apache\logging\log4j\log4j-api\2.10.0\log4j-api-2.10.0.jar;D:\repository\org\slf4j\jul-to-slf4j\1.7.25\jul-to-slf4j-1.7.25.jar;D:\repository\javax\annotation\javax.annotation-api\1.3.2\javax.annotation-api-1.3.2.jar;D:\repository\org\yaml\snakeyaml\1.19\snakeyaml-1.19.jar;D:\repository\org\springframework\boot\spring-boot-starter-json\2.0.6.RELEASE\spring-boot-starter-json-2.0.6.RELEASE.jar;D:\repository\com\fasterxml\jackson\core\jackson-databind\2.9.7\jackson-databind-2.9.7.jar;D:\repository\com\fasterxml\jackson\core\jackson-annotations\2.9.0\jackson-annotations-2.9.0.jar;D:\repository\com\fasterxml\jackson\core\jackson-core\2.9.7\jackson-core-2.9.7.jar;D:\repository\com\fasterxml\jackson\datatype\jackson-datatype-jdk8\2.9.7\jackson-datatype-jdk8-2.9.7.jar;D:\repository\com\fasterxml\jackson\datatype\jackson-datatype-jsr310\2.9.7\jackson-datatype-jsr310-2.9.7.jar;D:\repository\com\fasterxml\jackson\module\jackson-module-parameter-names\2.9.7\jackson-module-parameter-names-2.9.7.jar;D:\repository\org\springframework\boot\spring-boot-starter-tomcat\2.0.6.RELEASE\spring-boot-starter-tomcat-2.0.6.RELEASE.jar;D:\repository\org\apache\tomcat\embed\tomcat-embed-core\8.5.34\tomcat-embed-core-8.5.34.jar;D:\repository\org\apache\tomcat\embed\tomcat-embed-el\8.5.34\tomcat-embed-el-8.5.34.jar;D:\repository\org\apache\tomcat\embed\tomcat-embed-websocket\8.5.34\tomcat-embed-websocket-8.5.34.jar;D:\repository\org\hibernate\validator\hibernate-validator\6.0.13.Final\hibernate-validator-6.0.13.Final.jar;D:\repository\javax\validation\validation-api\2.0.1.Final\validation-api-2.0.1.Final.jar;D:\repository\org\jboss\logging\jboss-logging\3.3.2.Final\jboss-logging-3.3.2.Final.jar;D:\repository\com\fasterxml\classmate\1.3.4\classmate-1.3.4.jar;D:\repository\org\springframework\spring-web\5.0.10.RELEASE\spring-web-5.0.10.RELEASE.jar;D:\repository\org\springframework\spring-beans\5.0.10.RELEASE\spring-beans-5.0.10.RELEASE.jar;D:\repository\org\springframework\spring-webmvc\5.0.10.RELEASE\spring-webmvc-5.0.10.RELEASE.jar;D:\repository\org\springframework\spring-aop\5.0.10.RELEASE\spring-aop-5.0.10.RELEASE.jar;D:\repository\org\springframework\spring-context\5.0.10.RELEASE\spring-context-5.0.10.RELEASE.jar;D:\repository\org\springframework\spring-expression\5.0.10.RELEASE\spring-expression-5.0.10.RELEASE.jar;D:\repository\org\springframework\boot\spring-boot-starter-jdbc\2.0.6.RELEASE\spring-boot-starter-jdbc-2.0.6.RELEASE.jar;D:\repository\com\zaxxer\HikariCP\2.7.9\HikariCP-2.7.9.jar;D:\repository\org\slf4j\slf4j-api\1.7.25\slf4j-api-1.7.25.jar;D:\repository\org\springframework\spring-jdbc\5.0.10.RELEASE\spring-jdbc-5.0.10.RELEASE.jar;D:\repository\org\springframework\spring-tx\5.0.10.RELEASE\spring-tx-5.0.10.RELEASE.jar;D:\repository\mysql\mysql-connector-java\8.0.15\mysql-connector-java-8.0.15.jar;D:\repository\com\google\protobuf\protobuf-java\3.6.1\protobuf-java-3.6.1.jar;D:\repository\org\springframework\boot\spring-boot-starter-test\2.1.1.RELEASE\spring-boot-starter-test-2.1.1.RELEASE.jar;D:\repository\org\springframework\boot\spring-boot-test\2.0.6.RELEASE\spring-boot-test-2.0.6.RELEASE.jar;D:\repository\org\springframework\boot\spring-boot-test-autoconfigure\2.0.6.RELEASE\spring-boot-test-autoconfigure-2.0.6.RELEASE.jar;D:\repository\com\jayway\jsonpath\json-path\2.4.0\json-path-2.4.0.jar;D:\repository\net\minidev\json-smart\2.3\json-smart-2.3.jar;D:\repository\net\minidev\accessors-smart\1.2\accessors-smart-1.2.jar;D:\repository\org\ow2\asm\asm\5.0.4\asm-5.0.4.jar;D:\repository\org\assertj\assertj-core\3.9.1\assertj-core-3.9.1.jar;D:\repository\org\mockito\mockito-core\2.15.0\mockito-core-2.15.0.jar;D:\repository\net\bytebuddy\byte-buddy\1.7.11\byte-buddy-1.7.11.jar;D:\repository\net\bytebuddy\byte-buddy-agent\1.7.11\byte-buddy-agent-1.7.11.jar;D:\repository\org\objenesis\objenesis\2.6\objenesis-2.6.jar;D:\repository\org\hamcrest\hamcrest-library\1.3\hamcrest-library-1.3.jar;D:\repository\org\skyscreamer\jsonassert\1.5.0\jsonassert-1.5.0.jar;D:\repository\com\vaadin\external\google\android-json\0.0.20131108.vaadin1\android-json-0.0.20131108.vaadin1.jar;D:\repository\org\springframework\spring-core\5.0.10.RELEASE\spring-core-5.0.10.RELEASE.jar;D:\repository\org\springframework\spring-jcl\5.0.10.RELEASE\spring-jcl-5.0.10.RELEASE.jar;D:\repository\org\springframework\spring-test\5.0.10.RELEASE\spring-test-5.0.10.RELEASE.jar;D:\repository\org\xmlunit\xmlunit-core\2.5.1\xmlunit-core-2.5.1.jar;D:\repository\org\mybatis\spring\boot\mybatis-spring-boot-starter\2.0.1\mybatis-spring-boot-starter-2.0.1.jar;D:\repository\org\mybatis\spring\boot\mybatis-spring-boot-autoconfigure\2.0.1\mybatis-spring-boot-autoconfigure-2.0.1.jar;D:\repository\org\mybatis\mybatis\3.5.1\mybatis-3.5.1.jar;D:\repository\org\mybatis\mybatis-spring\2.0.1\mybatis-spring-2.0.1.jar;"/>
    <property name="java.vm.vendor" value="Oracle Corporation"/>
    <property name="sun.arch.data.model" value="64"/>
    <property name="user.variant" value=""/>
    <property name="java.vendor.url" value="http://java.oracle.com/"/>
    <property name="user.timezone" value="Asia/Shanghai"/>
    <property name="java.vm.specification.version" value="1.8"/>
    <property name="os.name" value="Windows 10"/>
    <property name="user.country" value="US"/>
    <property name="sun.java.launcher" value="SUN_STANDARD"/>
    <property name="sun.boot.library.path" value="D:\installer\JDK\jdk-1.8\jre\bin"/>
    <property name="sun.java.command" value="C:\Users\Lenovo\AppData\Local\Temp\surefire415958099769621088\surefirebooter4826705295237229732.jar C:\Users\Lenovo\AppData\Local\Temp\surefire415958099769621088 2020-06-04T18-09-39_191-jvmRun1 surefire2995563249308196173tmp surefire_07438525685244970013tmp"/>
    <property name="surefire.test.class.path" value="D:\Backend\Framework\SpringBoot\code\studio\Demo\target\test-classes;D:\Backend\Framework\SpringBoot\code\studio\Demo\target\classes;D:\repository\junit\junit\4.12\junit-4.12.jar;D:\repository\org\hamcrest\hamcrest-core\1.3\hamcrest-core-1.3.jar;D:\repository\org\springframework\boot\spring-boot-starter-web\2.0.6.RELEASE\spring-boot-starter-web-2.0.6.RELEASE.jar;D:\repository\org\springframework\boot\spring-boot-starter\2.0.6.RELEASE\spring-boot-starter-2.0.6.RELEASE.jar;D:\repository\org\springframework\boot\spring-boot\2.0.6.RELEASE\spring-boot-2.0.6.RELEASE.jar;D:\repository\org\springframework\boot\spring-boot-autoconfigure\2.0.6.RELEASE\spring-boot-autoconfigure-2.0.6.RELEASE.jar;D:\repository\org\springframework\boot\spring-boot-starter-logging\2.0.6.RELEASE\spring-boot-starter-logging-2.0.6.RELEASE.jar;D:\repository\ch\qos\logback\logback-classic\1.2.3\logback-classic-1.2.3.jar;D:\repository\ch\qos\logback\logback-core\1.2.3\logback-core-1.2.3.jar;D:\repository\org\apache\logging\log4j\log4j-to-slf4j\2.10.0\log4j-to-slf4j-2.10.0.jar;D:\repository\org\apache\logging\log4j\log4j-api\2.10.0\log4j-api-2.10.0.jar;D:\repository\org\slf4j\jul-to-slf4j\1.7.25\jul-to-slf4j-1.7.25.jar;D:\repository\javax\annotation\javax.annotation-api\1.3.2\javax.annotation-api-1.3.2.jar;D:\repository\org\yaml\snakeyaml\1.19\snakeyaml-1.19.jar;D:\repository\org\springframework\boot\spring-boot-starter-json\2.0.6.RELEASE\spring-boot-starter-json-2.0.6.RELEASE.jar;D:\repository\com\fasterxml\jackson\core\jackson-databind\2.9.7\jackson-databind-2.9.7.jar;D:\repository\com\fasterxml\jackson\core\jackson-annotations\2.9.0\jackson-annotations-2.9.0.jar;D:\repository\com\fasterxml\jackson\core\jackson-core\2.9.7\jackson-core-2.9.7.jar;D:\repository\com\fasterxml\jackson\datatype\jackson-datatype-jdk8\2.9.7\jackson-datatype-jdk8-2.9.7.jar;D:\repository\com\fasterxml\jackson\datatype\jackson-datatype-jsr310\2.9.7\jackson-datatype-jsr310-2.9.7.jar;D:\repository\com\fasterxml\jackson\module\jackson-module-parameter-names\2.9.7\jackson-module-parameter-names-2.9.7.jar;D:\repository\org\springframework\boot\spring-boot-starter-tomcat\2.0.6.RELEASE\spring-boot-starter-tomcat-2.0.6.RELEASE.jar;D:\repository\org\apache\tomcat\embed\tomcat-embed-core\8.5.34\tomcat-embed-core-8.5.34.jar;D:\repository\org\apache\tomcat\embed\tomcat-embed-el\8.5.34\tomcat-embed-el-8.5.34.jar;D:\repository\org\apache\tomcat\embed\tomcat-embed-websocket\8.5.34\tomcat-embed-websocket-8.5.34.jar;D:\repository\org\hibernate\validator\hibernate-validator\6.0.13.Final\hibernate-validator-6.0.13.Final.jar;D:\repository\javax\validation\validation-api\2.0.1.Final\validation-api-2.0.1.Final.jar;D:\repository\org\jboss\logging\jboss-logging\3.3.2.Final\jboss-logging-3.3.2.Final.jar;D:\repository\com\fasterxml\classmate\1.3.4\classmate-1.3.4.jar;D:\repository\org\springframework\spring-web\5.0.10.RELEASE\spring-web-5.0.10.RELEASE.jar;D:\repository\org\springframework\spring-beans\5.0.10.RELEASE\spring-beans-5.0.10.RELEASE.jar;D:\repository\org\springframework\spring-webmvc\5.0.10.RELEASE\spring-webmvc-5.0.10.RELEASE.jar;D:\repository\org\springframework\spring-aop\5.0.10.RELEASE\spring-aop-5.0.10.RELEASE.jar;D:\repository\org\springframework\spring-context\5.0.10.RELEASE\spring-context-5.0.10.RELEASE.jar;D:\repository\org\springframework\spring-expression\5.0.10.RELEASE\spring-expression-5.0.10.RELEASE.jar;D:\repository\org\springframework\boot\spring-boot-starter-jdbc\2.0.6.RELEASE\spring-boot-starter-jdbc-2.0.6.RELEASE.jar;D:\repository\com\zaxxer\HikariCP\2.7.9\HikariCP-2.7.9.jar;D:\repository\org\slf4j\slf4j-api\1.7.25\slf4j-api-1.7.25.jar;D:\repository\org\springframework\spring-jdbc\5.0.10.RELEASE\spring-jdbc-5.0.10.RELEASE.jar;D:\repository\org\springframework\spring-tx\5.0.10.RELEASE\spring-tx-5.0.10.RELEASE.jar;D:\repository\mysql\mysql-connector-java\8.0.15\mysql-connector-java-8.0.15.jar;D:\repository\com\google\protobuf\protobuf-java\3.6.1\protobuf-java-3.6.1.jar;D:\repository\org\springframework\boot\spring-boot-starter-test\2.1.1.RELEASE\spring-boot-starter-test-2.1.1.RELEASE.jar;D:\repository\org\springframework\boot\spring-boot-test\2.0.6.RELEASE\spring-boot-test-2.0.6.RELEASE.jar;D:\repository\org\springframework\boot\spring-boot-test-autoconfigure\2.0.6.RELEASE\spring-boot-test-autoconfigure-2.0.6.RELEASE.jar;D:\repository\com\jayway\jsonpath\json-path\2.4.0\json-path-2.4.0.jar;D:\repository\net\minidev\json-smart\2.3\json-smart-2.3.jar;D:\repository\net\minidev\accessors-smart\1.2\accessors-smart-1.2.jar;D:\repository\org\ow2\asm\asm\5.0.4\asm-5.0.4.jar;D:\repository\org\assertj\assertj-core\3.9.1\assertj-core-3.9.1.jar;D:\repository\org\mockito\mockito-core\2.15.0\mockito-core-2.15.0.jar;D:\repository\net\bytebuddy\byte-buddy\1.7.11\byte-buddy-1.7.11.jar;D:\repository\net\bytebuddy\byte-buddy-agent\1.7.11\byte-buddy-agent-1.7.11.jar;D:\repository\org\objenesis\objenesis\2.6\objenesis-2.6.jar;D:\repository\org\hamcrest\hamcrest-library\1.3\hamcrest-library-1.3.jar;D:\repository\org\skyscreamer\jsonassert\1.5.0\jsonassert-1.5.0.jar;D:\repository\com\vaadin\external\google\android-json\0.0.20131108.vaadin1\android-json-0.0.20131108.vaadin1.jar;D:\repository\org\springframework\spring-core\5.0.10.RELEASE\spring-core-5.0.10.RELEASE.jar;D:\repository\org\springframework\spring-jcl\5.0.10.RELEASE\spring-jcl-5.0.10.RELEASE.jar;D:\repository\org\springframework\spring-test\5.0.10.RELEASE\spring-test-5.0.10.RELEASE.jar;D:\repository\org\xmlunit\xmlunit-core\2.5.1\xmlunit-core-2.5.1.jar;D:\repository\org\mybatis\spring\boot\mybatis-spring-boot-starter\2.0.1\mybatis-spring-boot-starter-2.0.1.jar;D:\repository\org\mybatis\spring\boot\mybatis-spring-boot-autoconfigure\2.0.1\mybatis-spring-boot-autoconfigure-2.0.1.jar;D:\repository\org\mybatis\mybatis\3.5.1\mybatis-3.5.1.jar;D:\repository\org\mybatis\mybatis-spring\2.0.1\mybatis-spring-2.0.1.jar;"/>
    <property name="sun.cpu.endian" value="little"/>
    <property name="user.home" value="C:\Users\Lenovo"/>
    <property name="user.language" value="en"/>
    <property name="java.specification.vendor" value="Oracle Corporation"/>
    <property name="java.home" value="D:\installer\JDK\jdk-1.8\jre"/>
    <property name="basedir" value="D:\Backend\Framework\SpringBoot\code\studio\Demo"/>
    <property name="file.separator" value="\"/>
    <property name="line.separator" value="&#10;"/>
    <property name="java.vm.specification.vendor" value="Oracle Corporation"/>
    <property name="java.specification.name" value="Java Platform API Specification"/>
    <property name="java.awt.graphicsenv" value="sun.awt.Win32GraphicsEnvironment"/>
    <property name="surefire.real.class.path" value="C:\Users\Lenovo\AppData\Local\Temp\surefire415958099769621088\surefirebooter4826705295237229732.jar"/>
    <property name="sun.boot.class.path" value="D:\installer\JDK\jdk-1.8\jre\lib\resources.jar;D:\installer\JDK\jdk-1.8\jre\lib\rt.jar;D:\installer\JDK\jdk-1.8\jre\lib\sunrsasign.jar;D:\installer\JDK\jdk-1.8\jre\lib\jsse.jar;D:\installer\JDK\jdk-1.8\jre\lib\jce.jar;D:\installer\JDK\jdk-1.8\jre\lib\charsets.jar;D:\installer\JDK\jdk-1.8\jre\lib\jfr.jar;D:\installer\JDK\jdk-1.8\jre\classes"/>
    <property name="user.script" value=""/>
    <property name="sun.management.compiler" value="HotSpot 64-Bit Tiered Compilers"/>
    <property name="java.runtime.version" value="1.8.0_251-b08"/>
    <property name="user.name" value="Lenovo"/>
    <property name="path.separator" value=";"/>
    <property name="os.version" value="10.0"/>
    <property name="java.endorsed.dirs" value="D:\installer\JDK\jdk-1.8\jre\lib\endorsed"/>
    <property name="java.runtime.name" value="Java(TM) SE Runtime Environment"/>
    <property name="file.encoding" value="GBK"/>
    <property name="java.vm.name" value="Java HotSpot(TM) 64-Bit Server VM"/>
    <property name="localRepository" value="D:\repository"/>
    <property name="java.vendor.url.bug" value="http://bugreport.sun.com/bugreport/"/>
    <property name="java.io.tmpdir" value="C:\Users\Lenovo\AppData\Local\Temp\"/>
    <property name="java.version" value="1.8.0_251"/>
    <property name="user.dir" value="D:\Backend\Framework\SpringBoot\code\studio\Demo"/>
    <property name="os.arch" value="amd64"/>
    <property name="java.vm.specification.name" value="Java Virtual Machine Specification"/>
    <property name="java.awt.printerjob" value="sun.awt.windows.WPrinterJob"/>
    <property name="sun.os.patch.level" value=""/>
    <property name="idea.version2019.3.3" value="true"/>
    <property name="java.library.path" value="D:\installer\JDK\jdk-1.8\jre\bin;C:\WINDOWS\Sun\Java\bin;C:\WINDOWS\system32;C:\WINDOWS;D:\installer\tools\XShell\;C:\Program Files\Microsoft MPI\Bin\;C:\WINDOWS;C:\WINDOWS\System32\WindowsPowerShell\v1.0\;D:\installer\nodeJs\;C:\Users\Lenovo\Anaconda3;C:\Users\Lenovo\Anaconda3\Library\bin;D:\installer\Tomcat\bin;C:\Program Files (x86)\NVIDIA Corporation\PhysX\Common;C:\Users\Lenovo\Anaconda3\Scripts;C:\WINDOWS\system32;C:\WINDOWS;C:\WINDOWS\System32\Wbem;D:\installer\Git\Git\cmd;D:\installer\tools\Microsoft VS Code\bin;C:\Program Files\Microsoft SQL Server\110\Tools\Binn\;D:\installer\tools\newmysql5.5\bin;D:\installer\tools\Maven\apache-maven-3.5.2\bin;D:\installer\JDK\jdk-1.8\bin;D:\installer\JDK\jdk-1.8\jre\bin;D:\installer\Scripts\;D:\installer\;C:\Users\Lenovo\AppData\Local\Microsoft\WindowsApps;D:\installer\PyCharm Community Edition 2018.3.5\bin;D:\installer\WebStorm\WebStorm 2018.3.5\bin;C:\Users\Lenovo\AppData\Roaming\npm;D:\installer\IDEA\IntelliJ IDEA Community Edition 2019.2.4\bin;D:\installer\tools\Java\IDEA\IntelliJ IDEA 2019.3.3\bin;D:\installer\tools\Java Developer\IDEA\IntelliJ IDEA 2019.3.3\bin;;;."/>
    <property name="java.vm.info" value="mixed mode"/>
    <property name="java.vendor" value="Oracle Corporation"/>
    <property name="java.vm.version" value="25.251-b08"/>
    <property name="java.ext.dirs" value="D:\installer\JDK\jdk-1.8\jre\lib\ext;C:\WINDOWS\Sun\Java\lib\ext"/>
    <property name="sun.io.unicode.encoding" value="UnicodeLittle"/>
    <property name="java.class.version" value="52.0"/>
  </properties>
  <testcase name="testSaveUser" classname="com.ceezyyy.springboot.mapper.TestMapper" time="0.814"/>
  <testcase name="testFindAll" classname="com.ceezyyy.springboot.mapper.TestMapper" time="0.055"/>
  <testcase name="testUpdateUser" classname="com.ceezyyy.springboot.mapper.TestMapper" time="0.008"/>
  <testcase name="testDeleteUser" classname="com.ceezyyy.springboot.mapper.TestMapper" time="0.006"/>
</testsuite>